Start testing: Jul 17 15:31 MSK
----------------------------------------------------------
1/1 Testing: decimal_test
1/1 Test: decimal_test
Command: "/mnt/c/Users/dkaal/Desktop/Portfolio/Portfolio/decimal/src/build/run_tests"
Directory: /mnt/c/Users/dkaal/Desktop/Portfolio/Portfolio/decimal/src/build
"decimal_test" start time: Jul 17 15:31 MSK
Output:
----------------------------------------------------------
Running suite(s): Core
100%: Checks: 277, Failures: 0, Errors: 0
<end of output>
Test time =   0.18 sec
----------------------------------------------------------
Test Passed.
"decimal_test" end time: Jul 17 15:31 MSK
"decimal_test" time elapsed: 00:00:00
----------------------------------------------------------

End testing: Jul 17 15:31 MSK
